2026-03-11 12:06:52,076 - api_client - INFO - Запрос к API: https://api.sstats.net/Games/list
2026-03-11 12:06:52,417 - api_client - INFO - Получен ответ от /Games/list, статус: OK
2026-03-11 12:06:52,417 - api_client - INFO - Получено матчей: 0
2026-03-11 12:06:52,417 - __main__ - INFO - Найдено live матчей: 0
2026-03-11 12:06:52,417 - __main__ - INFO - Ожидание 30 секунд до следующего обновления...
2026-03-11 12:07:22,426 - api_client - INFO - Запрос к API: https://api.sstats.net/Games/list
2026-03-11 12:07:22,431 - api_client - INFO - Получен ответ от /Games/list, статус: OK
2026-03-11 12:07:22,431 - api_client - INFO - Получено матчей: 0
2026-03-11 12:07:22,431 - __main__ - INFO - Найдено live матчей: 0
2026-03-11 12:07:22,431 - __main__ - INFO - Ожидание 30 секунд до следующего обновления...
2026-03-11 12:07:52,446 - api_client - INFO - Запрос к API: https://api.sstats.net/Games/list
2026-03-11 12:07:52,466 - api_client - INFO - Получен ответ от /Games/list, статус: OK
2026-03-11 12:07:52,466 - api_client - INFO - Получено матчей: 0
2026-03-11 12:07:52,466 - __main__ - INFO - Найдено live матчей: 0
2026-03-11 12:07:52,466 - __main__ - INFO - Ожидание 30 секунд до следующего обновления...
2026-03-11 12:08:22,467 - api_client - INFO - Запрос к API: https://api.sstats.net/Games/list
2026-03-11 12:08:22,554 - api_client - INFO - Получен ответ от /Games/list, статус: OK
2026-03-11 12:08:22,554 - api_client - INFO - Получено матчей: 0
2026-03-11 12:08:22,554 - __main__ - INFO - Найдено live матчей: 0
2026-03-11 12:08:22,554 - __main__ - INFO - Ожидание 30 секунд до следующего обновления...
2026-03-11 12:08:52,556 - api_client - INFO - Запрос к API: https://api.sstats.net/Games/list
2026-03-11 12:08:52,575 - api_client - INFO - Получен ответ от /Games/list, статус: OK
2026-03-11 12:08:52,575 - api_client - INFO - Получено матчей: 0
2026-03-11 12:08:52,575 - __main__ - INFO - Найдено live матчей: 0
2026-03-11 12:08:52,575 - __main__ - INFO - Ожидание 30 секунд до следующего обновления...
2026-03-11 12:09:22,577 - api_client - INFO - Запрос к API: https://api.sstats.net/Games/list
2026-03-11 12:09:22,588 - api_client - INFO - Получен ответ от /Games/list, статус: OK
2026-03-11 12:09:22,588 - api_client - INFO - Получено матчей: 0
2026-03-11 12:09:22,588 - __main__ - INFO - Найдено live матчей: 0
2026-03-11 12:09:22,588 - __main__ - INFO - Ожидание 30 секунд до следующего обновления...
2026-03-11 12:09:52,594 - api_client - INFO - Запрос к API: https://api.sstats.net/Games/list
2026-03-11 12:09:52,614 - api_client - INFO - Получен ответ от /Games/list, статус: OK
2026-03-11 12:09:52,614 - api_client - INFO - Получено матчей: 0
2026-03-11 12:09:52,614 - __main__ - INFO - Найдено live матчей: 0
2026-03-11 12:09:52,614 - __main__ - INFO - Ожидание 30 секунд до следующего обновления...
2026-03-11 12:10:22,615 - api_client - INFO - Запрос к API: https://api.sstats.net/Games/list
2026-03-11 12:10:22,633 - api_client - INFO - Получен ответ от /Games/list, статус: OK
2026-03-11 12:10:22,633 - api_client - INFO - Получено матчей: 0
2026-03-11 12:10:22,633 - __main__ - INFO - Найдено live матчей: 0
2026-03-11 12:10:22,633 - __main__ - INFO - Ожидание 30 секунд до следующего обновления...
2026-03-11 12:10:52,634 - api_client - INFO - Запрос к API: https://api.sstats.net/Games/list
2026-03-11 12:10:52,653 - api_client - INFO - Получен ответ от /Games/list, статус: OK
2026-03-11 12:10:52,653 - api_client - INFO - Получено матчей: 0
2026-03-11 12:10:52,653 - __main__ - INFO - Найдено live матчей: 0
2026-03-11 12:10:52,653 - __main__ - INFO - Ожидание 30 секунд до следующего обновления...
2026-03-11 12:11:22,658 - api_client - INFO - Запрос к API: https://api.sstats.net/Games/list
2026-03-11 12:11:22,676 - api_client - INFO - Получен ответ от /Games/list, статус: OK
2026-03-11 12:11:22,676 - api_client - INFO - Получено матчей: 0
2026-03-11 12:11:22,676 - __main__ - INFO - Найдено live матчей: 0
2026-03-11 12:11:22,676 - __main__ - INFO - Ожидание 30 секунд до следующего обновления...
2026-03-11 12:11:52,677 - api_client - INFO - Запрос к API: https://api.sstats.net/Games/list
2026-03-11 12:11:52,683 - api_client - INFO - Получен ответ от /Games/list, статус: OK
2026-03-11 12:11:52,683 - api_client - INFO - Получено матчей: 0
2026-03-11 12:11:52,683 - __main__ - INFO - Найдено live матчей: 0
2026-03-11 12:11:52,683 - __main__ - INFO - Ожидание 30 секунд до следующего обновления...
2026-03-11 12:12:22,696 - api_client - INFO - Запрос к API: https://api.sstats.net/Games/list
2026-03-11 12:12:22,714 - api_client - INFO - Получен ответ от /Games/list, статус: OK
2026-03-11 12:12:22,714 - api_client - INFO - Получено матчей: 0
2026-03-11 12:12:22,714 - __main__ - INFO - Найдено live матчей: 0
2026-03-11 12:12:22,714 - __main__ - INFO - Ожидание 30 секунд до следующего обновления...
2026-03-11 12:12:52,718 - api_client - INFO - Запрос к API: https://api.sstats.net/Games/list
2026-03-11 12:12:52,744 - api_client - INFO - Получен ответ от /Games/list, статус: OK
2026-03-11 12:12:52,744 - api_client - INFO - Получено матчей: 0
2026-03-11 12:12:52,744 - __main__ - INFO - Найдено live матчей: 0
2026-03-11 12:12:52,744 - __main__ - INFO - Ожидание 30 секунд до следующего обновления...
2026-03-11 12:13:22,746 - api_client - INFO - Запрос к API: https://api.sstats.net/Games/list
2026-03-11 12:13:22,763 - api_client - INFO - Получен ответ от /Games/list, статус: OK
2026-03-11 12:13:22,763 - api_client - INFO - Получено матчей: 0
2026-03-11 12:13:22,763 - __main__ - INFO - Найдено live матчей: 0
2026-03-11 12:13:22,763 - __main__ - INFO - Ожидание 30 секунд до следующего обновления...
2026-03-11 12:13:52,764 - api_client - INFO - Запрос к API: https://api.sstats.net/Games/list
2026-03-11 12:13:52,784 - api_client - INFO - Получен ответ от /Games/list, статус: OK
2026-03-11 12:13:52,784 - api_client - INFO - Получено матчей: 0
2026-03-11 12:13:52,784 - __main__ - INFO - Найдено live матчей: 0
2026-03-11 12:13:52,784 - __main__ - INFO - Ожидание 30 секунд до следующего обновления...
2026-03-11 12:14:22,785 - api_client - INFO - Запрос к API: https://api.sstats.net/Games/list
2026-03-11 12:14:22,804 - api_client - INFO - Получен ответ от /Games/list, статус: OK
2026-03-11 12:14:22,804 - api_client - INFO - Получено матчей: 0
2026-03-11 12:14:22,804 - __main__ - INFO - Найдено live матчей: 0
2026-03-11 12:14:22,804 - __main__ - INFO - Ожидание 30 секунд до следующего обновления...
2026-03-11 12:14:52,806 - api_client - INFO - Запрос к API: https://api.sstats.net/Games/list
2026-03-11 12:14:52,834 - api_client - INFO - Получен ответ от /Games/list, статус: OK
2026-03-11 12:14:52,834 - api_client - INFO - Получено матчей: 0
2026-03-11 12:14:52,834 - __main__ - INFO - Найдено live матчей: 0
2026-03-11 12:14:52,835 - __main__ - INFO - Ожидание 30 секунд до следующего обновления...
2026-03-11 12:15:22,836 - api_client - INFO - Запрос к API: https://api.sstats.net/Games/list
2026-03-11 12:15:22,856 - api_client - INFO - Получен ответ от /Games/list, статус: OK
2026-03-11 12:15:22,856 - api_client - INFO - Получено матчей: 0
2026-03-11 12:15:22,856 - __main__ - INFO - Найдено live матчей: 0
2026-03-11 12:15:22,856 - __main__ - INFO - Ожидание 30 секунд до следующего обновления...
2026-03-11 12:15:52,858 - api_client - INFO - Запрос к API: https://api.sstats.net/Games/list
2026-03-11 12:15:52,865 - api_client - INFO - Получен ответ от /Games/list, статус: OK
2026-03-11 12:15:52,865 - api_client - INFO - Получено матчей: 0
2026-03-11 12:15:52,865 - __main__ - INFO - Найдено live матчей: 0
2026-03-11 12:15:52,865 - __main__ - INFO - Ожидание 30 секунд до следующего обновления...
2026-03-11 12:16:22,877 - api_client - INFO - Запрос к API: https://api.sstats.net/Games/list
2026-03-11 12:16:22,896 - api_client - INFO - Получен ответ от /Games/list, статус: OK
2026-03-11 12:16:22,896 - api_client - INFO - Получено матчей: 0
2026-03-11 12:16:22,896 - __main__ - INFO - Найдено live матчей: 0
2026-03-11 12:16:22,896 - __main__ - INFO - Ожидание 30 секунд до следующего обновления...
2026-03-11 12:16:52,898 - api_client - INFO - Запрос к API: https://api.sstats.net/Games/list
2026-03-11 12:16:52,915 - api_client - INFO - Получен ответ от /Games/list, статус: OK
2026-03-11 12:16:52,917 - api_client - INFO - Получено матчей: 0
2026-03-11 12:16:52,917 - __main__ - INFO - Найдено live матчей: 0
2026-03-11 12:16:52,917 - __main__ - INFO - Ожидание 30 секунд до следующего обновления...
2026-03-11 12:17:22,917 - api_client - INFO - Запрос к API: https://api.sstats.net/Games/list
2026-03-11 12:17:22,935 - api_client - INFO - Получен ответ от /Games/list, статус: OK
2026-03-11 12:17:22,935 - api_client - INFO - Получено матчей: 0
2026-03-11 12:17:22,935 - __main__ - INFO - Найдено live матчей: 0
2026-03-11 12:17:22,936 - __main__ - INFO - Ожидание 30 секунд до следующего обновления...
2026-03-11 12:17:52,937 - api_client - INFO - Запрос к API: https://api.sstats.net/Games/list
2026-03-11 12:17:52,954 - api_client - INFO - Получен ответ от /Games/list, статус: OK
2026-03-11 12:17:52,954 - api_client - INFO - Получено матчей: 0
2026-03-11 12:17:52,954 - __main__ - INFO - Найдено live матчей: 0
2026-03-11 12:17:52,954 - __main__ - INFO - Ожидание 30 секунд до следующего обновления...
2026-03-11 12:18:22,957 - api_client - INFO - Запрос к API: https://api.sstats.net/Games/list
2026-03-11 12:18:22,974 - api_client - INFO - Получен ответ от /Games/list, статус: OK
2026-03-11 12:18:22,975 - api_client - INFO - Получено матчей: 0
2026-03-11 12:18:22,975 - __main__ - INFO - Найдено live матчей: 0
2026-03-11 12:18:22,975 - __main__ - INFO - Ожидание 30 секунд до следующего обновления...
2026-03-11 12:18:52,976 - api_client - INFO - Запрос к API: https://api.sstats.net/Games/list
2026-03-11 12:18:52,995 - api_client - INFO - Получен ответ от /Games/list, статус: OK
2026-03-11 12:18:52,995 - api_client - INFO - Получено матчей: 0
2026-03-11 12:18:52,995 - __main__ - INFO - Найдено live матчей: 0
2026-03-11 12:18:52,995 - __main__ - INFO - Ожидание 30 секунд до следующего обновления...
2026-03-11 12:19:22,996 - api_client - INFO - Запрос к API: https://api.sstats.net/Games/list
2026-03-11 12:19:23,010 - api_client - INFO - Получен ответ от /Games/list, статус: OK
2026-03-11 12:19:23,010 - api_client - INFO - Получено матчей: 0
2026-03-11 12:19:23,010 - __main__ - INFO - Найдено live матчей: 0
2026-03-11 12:19:23,010 - __main__ - INFO - Ожидание 30 секунд до следующего обновления...
2026-03-11 12:19:53,016 - api_client - INFO - Запрос к API: https://api.sstats.net/Games/list
2026-03-11 12:19:53,035 - api_client - INFO - Получен ответ от /Games/list, статус: OK
2026-03-11 12:19:53,035 - api_client - INFO - Получено матчей: 0
2026-03-11 12:19:53,035 - __main__ - INFO - Найдено live матчей: 0
2026-03-11 12:19:53,035 - __main__ - INFO - Ожидание 30 секунд до следующего обновления...
2026-03-11 12:20:23,036 - api_client - INFO - Запрос к API: https://api.sstats.net/Games/list
2026-03-11 12:20:23,117 - api_client - INFO - Получен ответ от /Games/list, статус: OK
2026-03-11 12:20:23,117 - api_client - INFO - Получено матчей: 0
2026-03-11 12:20:23,117 - __main__ - INFO - Найдено live матчей: 0
2026-03-11 12:20:23,133 - __main__ - INFO - Ожидание 30 секунд до следующего обновления...
2026-03-11 12:20:53,135 - api_client - INFO - Запрос к API: https://api.sstats.net/Games/list
2026-03-11 12:20:53,153 - api_client - INFO - Получен ответ от /Games/list, статус: OK
2026-03-11 12:20:53,153 - api_client - INFO - Получено матчей: 0
2026-03-11 12:20:53,153 - __main__ - INFO - Найдено live матчей: 0
2026-03-11 12:20:53,153 - __main__ - INFO - Ожидание 30 секунд до следующего обновления...
2026-03-11 12:21:23,154 - api_client - INFO - Запрос к API: https://api.sstats.net/Games/list
2026-03-11 12:21:23,169 - api_client - INFO - Получен ответ от /Games/list, статус: OK
2026-03-11 12:21:23,169 - api_client - INFO - Получено матчей: 0
2026-03-11 12:21:23,169 - __main__ - INFO - Найдено live матчей: 0
2026-03-11 12:21:23,169 - __main__ - INFO - Ожидание 30 секунд до следующего обновления...
2026-03-11 12:21:53,174 - api_client - INFO - Запрос к API: https://api.sstats.net/Games/list
2026-03-11 12:21:53,190 - api_client - INFO - Получен ответ от /Games/list, статус: OK
2026-03-11 12:21:53,190 - api_client - INFO - Получено матчей: 0
2026-03-11 12:21:53,190 - __main__ - INFO - Найдено live матчей: 0
2026-03-11 12:21:53,190 - __main__ - INFO - Ожидание 30 секунд до следующего обновления...
2026-03-11 12:22:23,194 - api_client - INFO - Запрос к API: https://api.sstats.net/Games/list
2026-03-11 12:22:23,212 - api_client - INFO - Получен ответ от /Games/list, статус: OK
2026-03-11 12:22:23,212 - api_client - INFO - Получено матчей: 0
2026-03-11 12:22:23,212 - __main__ - INFO - Найдено live матчей: 0
2026-03-11 12:22:23,212 - __main__ - INFO - Ожидание 30 секунд до следующего обновления...
2026-03-11 12:22:53,214 - api_client - INFO - Запрос к API: https://api.sstats.net/Games/list
2026-03-11 12:22:53,235 - api_client - INFO - Получен ответ от /Games/list, статус: OK
2026-03-11 12:22:53,235 - api_client - INFO - Получено матчей: 0
2026-03-11 12:22:53,235 - __main__ - INFO - Найдено live матчей: 0
2026-03-11 12:22:53,235 - __main__ - INFO - Ожидание 30 секунд до следующего обновления...
2026-03-11 12:23:23,236 - api_client - INFO - Запрос к API: https://api.sstats.net/Games/list
2026-03-11 12:23:23,247 - api_client - INFO - Получен ответ от /Games/list, статус: OK
2026-03-11 12:23:23,247 - api_client - INFO - Получено матчей: 0
2026-03-11 12:23:23,247 - __main__ - INFO - Найдено live матчей: 0
2026-03-11 12:23:23,247 - __main__ - INFO - Ожидание 30 секунд до следующего обновления...
2026-03-11 12:23:53,254 - api_client - INFO - Запрос к API: https://api.sstats.net/Games/list
2026-03-11 12:23:53,271 - api_client - INFO - Получен ответ от /Games/list, статус: OK
2026-03-11 12:23:53,271 - api_client - INFO - Получено матчей: 0
2026-03-11 12:23:53,271 - __main__ - INFO - Найдено live матчей: 0
2026-03-11 12:23:53,271 - __main__ - INFO - Ожидание 30 секунд до следующего обновления...
2026-03-11 12:24:23,274 - api_client - INFO - Запрос к API: https://api.sstats.net/Games/list
2026-03-11 12:24:23,293 - api_client - INFO - Получен ответ от /Games/list, статус: OK
2026-03-11 12:24:23,293 - api_client - INFO - Получено матчей: 0
2026-03-11 12:24:23,293 - __main__ - INFO - Найдено live матчей: 0
2026-03-11 12:24:23,293 - __main__ - INFO - Ожидание 30 секунд до следующего обновления...
2026-03-11 12:24:53,294 - api_client - INFO - Запрос к API: https://api.sstats.net/Games/list
2026-03-11 12:24:53,313 - api_client - INFO - Получен ответ от /Games/list, статус: OK
2026-03-11 12:24:53,313 - api_client - INFO - Получено матчей: 0
2026-03-11 12:24:53,313 - __main__ - INFO - Найдено live матчей: 0
2026-03-11 12:24:53,313 - __main__ - INFO - Ожидание 30 секунд до следующего обновления...
2026-03-11 12:25:23,314 - api_client - INFO - Запрос к API: https://api.sstats.net/Games/list
2026-03-11 12:25:23,333 - api_client - INFO - Получен ответ от /Games/list, статус: OK
2026-03-11 12:25:23,333 - api_client - INFO - Получено матчей: 0
2026-03-11 12:25:23,333 - __main__ - INFO - Найдено live матчей: 0
2026-03-11 12:25:23,334 - __main__ - INFO - Ожидание 30 секунд до следующего обновления...
2026-03-11 12:25:53,335 - api_client - INFO - Запрос к API: https://api.sstats.net/Games/list
2026-03-11 12:25:53,349 - api_client - INFO - Получен ответ от /Games/list, статус: OK
2026-03-11 12:25:53,349 - api_client - INFO - Получено матчей: 0
2026-03-11 12:25:53,349 - __main__ - INFO - Найдено live матчей: 0
2026-03-11 12:25:53,349 - __main__ - INFO - Ожидание 30 секунд до следующего обновления...
2026-03-11 12:26:23,355 - api_client - INFO - Запрос к API: https://api.sstats.net/Games/list
2026-03-11 12:26:23,372 - api_client - INFO - Получен ответ от /Games/list, статус: OK
2026-03-11 12:26:23,372 - api_client - INFO - Получено матчей: 0
2026-03-11 12:26:23,372 - __main__ - INFO - Найдено live матчей: 0
2026-03-11 12:26:23,372 - __main__ - INFO - Ожидание 30 секунд до следующего обновления...
2026-03-11 12:26:53,374 - api_client - INFO - Запрос к API: https://api.sstats.net/Games/list
2026-03-11 12:26:53,478 - api_client - INFO - Получен ответ от /Games/list, статус: OK
2026-03-11 12:26:53,478 - api_client - INFO - Получено матчей: 0
2026-03-11 12:26:53,478 - __main__ - INFO - Найдено live матчей: 0
2026-03-11 12:26:53,478 - __main__ - INFO - Ожидание 30 секунд до следующего обновления...
2026-03-11 12:27:23,479 - api_client - INFO - Запрос к API: https://api.sstats.net/Games/list
2026-03-11 12:27:23,484 - api_client - INFO - Получен ответ от /Games/list, статус: OK
2026-03-11 12:27:23,484 - api_client - INFO - Получено матчей: 0
2026-03-11 12:27:23,484 - __main__ - INFO - Найдено live матчей: 0
2026-03-11 12:27:23,484 - __main__ - INFO - Ожидание 30 секунд до следующего обновления...
2026-03-11 12:27:53,498 - api_client - INFO - Запрос к API: https://api.sstats.net/Games/list
2026-03-11 12:27:53,519 - api_client - INFO - Получен ответ от /Games/list, статус: OK
2026-03-11 12:27:53,519 - api_client - INFO - Получено матчей: 0
2026-03-11 12:27:53,519 - __main__ - INFO - Найдено live матчей: 0
2026-03-11 12:27:53,519 - __main__ - INFO - Ожидание 30 секунд до следующего обновления...
2026-03-11 12:28:23,521 - api_client - INFO - Запрос к API: https://api.sstats.net/Games/list
2026-03-11 12:28:23,539 - api_client - INFO - Получен ответ от /Games/list, статус: OK
2026-03-11 12:28:23,539 - api_client - INFO - Получено матчей: 0
2026-03-11 12:28:23,539 - __main__ - INFO - Найдено live матчей: 0
2026-03-11 12:28:23,539 - __main__ - INFO - Ожидание 30 секунд до следующего обновления...
2026-03-11 12:28:53,540 - api_client - INFO - Запрос к API: https://api.sstats.net/Games/list
2026-03-11 12:28:53,549 - api_client - INFO - Получен ответ от /Games/list, статус: OK
2026-03-11 12:28:53,549 - api_client - INFO - Получено матчей: 0
2026-03-11 12:28:53,549 - __main__ - INFO - Найдено live матчей: 0
2026-03-11 12:28:53,549 - __main__ - INFO - Ожидание 30 секунд до следующего обновления...
2026-03-11 12:29:23,564 - api_client - INFO - Запрос к API: https://api.sstats.net/Games/list
2026-03-11 12:29:23,584 - api_client - INFO - Получен ответ от /Games/list, статус: OK
2026-03-11 12:29:23,584 - api_client - INFO - Получено матчей: 0
2026-03-11 12:29:23,584 - __main__ - INFO - Найдено live матчей: 0
2026-03-11 12:29:23,584 - __main__ - INFO - Ожидание 30 секунд до следующего обновления...
2026-03-11 12:29:53,586 - api_client - INFO - Запрос к API: https://api.sstats.net/Games/list
2026-03-11 12:29:53,604 - api_client - INFO - Получен ответ от /Games/list, статус: OK
2026-03-11 12:29:53,604 - api_client - INFO - Получено матчей: 0
2026-03-11 12:29:53,604 - __main__ - INFO - Найдено live матчей: 0
2026-03-11 12:29:53,604 - __main__ - INFO - Ожидание 30 секунд до следующего обновления...
2026-03-11 12:30:23,605 - api_client - INFO - Запрос к API: https://api.sstats.net/Games/list
2026-03-11 12:30:23,694 - api_client - INFO - Получен ответ от /Games/list, статус: OK
2026-03-11 12:30:23,694 - api_client - INFO - Получено матчей: 0
2026-03-11 12:30:23,694 - __main__ - INFO - Найдено live матчей: 0
2026-03-11 12:30:23,700 - __main__ - INFO - Ожидание 30 секунд до следующего обновления...
2026-03-11 12:30:53,701 - api_client - INFO - Запрос к API: https://api.sstats.net/Games/list
2026-03-11 12:30:53,719 - api_client - INFO - Получен ответ от /Games/list, статус: OK
2026-03-11 12:30:53,719 - api_client - INFO - Получено матчей: 0
2026-03-11 12:30:53,719 - __main__ - INFO - Найдено live матчей: 0
2026-03-11 12:30:53,720 - __main__ - INFO - Ожидание 30 секунд до следующего обновления...
2026-03-11 12:31:23,721 - api_client - INFO - Запрос к API: https://api.sstats.net/Games/list
2026-03-11 12:31:23,728 - api_client - INFO - Получен ответ от /Games/list, статус: OK
2026-03-11 12:31:23,728 - api_client - INFO - Получено матчей: 0
2026-03-11 12:31:23,728 - __main__ - INFO - Найдено live матчей: 0
2026-03-11 12:31:23,728 - __main__ - INFO - Ожидание 30 секунд до следующего обновления...
2026-03-11 12:31:53,740 - api_client - INFO - Запрос к API: https://api.sstats.net/Games/list
2026-03-11 12:31:53,750 - api_client - INFO - Получен ответ от /Games/list, статус: OK
2026-03-11 12:31:53,750 - api_client - INFO - Получено матчей: 0
2026-03-11 12:31:53,750 - __main__ - INFO - Найдено live матчей: 0
2026-03-11 12:31:53,750 - __main__ - INFO - Ожидание 30 секунд до следующего обновления...
2026-03-11 12:32:23,758 - api_client - INFO - Запрос к API: https://api.sstats.net/Games/list
2026-03-11 12:32:23,848 - api_client - INFO - Получен ответ от /Games/list, статус: OK
2026-03-11 12:32:23,848 - api_client - INFO - Получено матчей: 0
2026-03-11 12:32:23,848 - __main__ - INFO - Найдено live матчей: 0
2026-03-11 12:32:23,848 - __main__ - INFO - Ожидание 30 секунд до следующего обновления...
2026-03-11 12:32:53,849 - api_client - INFO - Запрос к API: https://api.sstats.net/Games/list
2026-03-11 12:32:53,866 - api_client - INFO - Получен ответ от /Games/list, статус: OK
2026-03-11 12:32:53,866 - api_client - INFO - Получено матчей: 0
2026-03-11 12:32:53,867 - __main__ - INFO - Найдено live матчей: 0
2026-03-11 12:32:53,867 - __main__ - INFO - Ожидание 30 секунд до следующего обновления...
2026-03-11 12:33:23,868 - api_client - INFO - Запрос к API: https://api.sstats.net/Games/list
2026-03-11 12:33:23,886 - api_client - INFO - Получен ответ от /Games/list, статус: OK
2026-03-11 12:33:23,886 - api_client - INFO - Получено матчей: 0
2026-03-11 12:33:23,886 - __main__ - INFO - Найдено live матчей: 0
2026-03-11 12:33:23,886 - __main__ - INFO - Ожидание 30 секунд до следующего обновления...
2026-03-11 12:33:53,887 - api_client - INFO - Запрос к API: https://api.sstats.net/Games/list
2026-03-11 12:33:53,979 - api_client - INFO - Получен ответ от /Games/list, статус: OK
2026-03-11 12:33:53,979 - api_client - INFO - Получено матчей: 0
2026-03-11 12:33:53,979 - __main__ - INFO - Найдено live матчей: 0
2026-03-11 12:33:53,979 - __main__ - INFO - Ожидание 30 секунд до следующего обновления...
2026-03-11 12:34:23,980 - api_client - INFO - Запрос к API: https://api.sstats.net/Games/list
2026-03-11 12:34:23,998 - api_client - INFO - Получен ответ от /Games/list, статус: OK
2026-03-11 12:34:23,998 - api_client - INFO - Получено матчей: 0
2026-03-11 12:34:23,999 - __main__ - INFO - Найдено live матчей: 0
2026-03-11 12:34:23,999 - __main__ - INFO - Ожидание 30 секунд до следующего обновления...
2026-03-11 12:34:54,000 - api_client - INFO - Запрос к API: https://api.sstats.net/Games/list
2026-03-11 12:34:54,018 - api_client - INFO - Получен ответ от /Games/list, статус: OK
2026-03-11 12:34:54,018 - api_client - INFO - Получено матчей: 0
2026-03-11 12:34:54,018 - __main__ - INFO - Найдено live матчей: 0
2026-03-11 12:34:54,018 - __main__ - INFO - Ожидание 30 секунд до следующего обновления...
2026-03-11 12:35:24,020 - api_client - INFO - Запрос к API: https://api.sstats.net/Games/list
2026-03-11 12:35:24,038 - api_client - INFO - Получен ответ от /Games/list, статус: OK
2026-03-11 12:35:24,039 - api_client - INFO - Получено матчей: 0
2026-03-11 12:35:24,039 - __main__ - INFO - Найдено live матчей: 0
2026-03-11 12:35:24,039 - __main__ - INFO - Ожидание 30 секунд до следующего обновления...
2026-03-11 12:35:54,040 - api_client - INFO - Запрос к API: https://api.sstats.net/Games/list
2026-03-11 12:35:54,127 - api_client - INFO - Получен ответ от /Games/list, статус: OK
2026-03-11 12:35:54,127 - api_client - INFO - Получено матчей: 0
2026-03-11 12:35:54,127 - __main__ - INFO - Найдено live матчей: 0
2026-03-11 12:35:54,127 - __main__ - INFO - Ожидание 30 секунд до следующего обновления...
2026-03-11 12:36:24,129 - api_client - INFO - Запрос к API: https://api.sstats.net/Games/list
2026-03-11 12:36:24,147 - api_client - INFO - Получен ответ от /Games/list, статус: OK
2026-03-11 12:36:24,147 - api_client - INFO - Получено матчей: 0
2026-03-11 12:36:24,148 - __main__ - INFO - Найдено live матчей: 0
2026-03-11 12:36:24,148 - __main__ - INFO - Ожидание 30 секунд до следующего обновления...
2026-03-11 12:36:54,149 - api_client - INFO - Запрос к API: https://api.sstats.net/Games/list
2026-03-11 12:36:54,167 - api_client - INFO - Получен ответ от /Games/list, статус: OK
2026-03-11 12:36:54,168 - api_client - INFO - Получено матчей: 0
2026-03-11 12:36:54,168 - __main__ - INFO - Найдено live матчей: 0
2026-03-11 12:36:54,168 - __main__ - INFO - Ожидание 30 секунд до следующего обновления...
2026-03-11 12:37:24,169 - api_client - INFO - Запрос к API: https://api.sstats.net/Games/list
2026-03-11 12:37:24,186 - api_client - INFO - Получен ответ от /Games/list, статус: OK
2026-03-11 12:37:24,186 - api_client - INFO - Получено матчей: 0
2026-03-11 12:37:24,186 - __main__ - INFO - Найдено live матчей: 0
2026-03-11 12:37:24,186 - __main__ - INFO - Ожидание 30 секунд до следующего обновления...
2026-03-11 12:37:54,187 - api_client - INFO - Запрос к API: https://api.sstats.net/Games/list
2026-03-11 12:37:54,204 - api_client - INFO - Получен ответ от /Games/list, статус: OK
2026-03-11 12:37:54,204 - api_client - INFO - Получено матчей: 0
2026-03-11 12:37:54,204 - __main__ - INFO - Найдено live матчей: 0
2026-03-11 12:37:54,204 - __main__ - INFO - Ожидание 30 секунд до следующего обновления...
2026-03-11 12:38:24,205 - api_client - INFO - Запрос к API: https://api.sstats.net/Games/list
2026-03-11 12:38:24,224 - api_client - INFO - Получен ответ от /Games/list, статус: OK
2026-03-11 12:38:24,224 - api_client - INFO - Получено матчей: 0
2026-03-11 12:38:24,224 - __main__ - INFO - Найдено live матчей: 0
2026-03-11 12:38:24,224 - __main__ - INFO - Ожидание 30 секунд до следующего обновления...
2026-03-11 12:38:54,225 - api_client - INFO - Запрос к API: https://api.sstats.net/Games/list
2026-03-11 12:38:54,242 - api_client - INFO - Получен ответ от /Games/list, статус: OK
2026-03-11 12:38:54,242 - api_client - INFO - Получено матчей: 0
2026-03-11 12:38:54,242 - __main__ - INFO - Найдено live матчей: 0
2026-03-11 12:38:54,242 - __main__ - INFO - Ожидание 30 секунд до следующего обновления...
2026-03-11 12:39:24,244 - api_client - INFO - Запрос к API: https://api.sstats.net/Games/list
2026-03-11 12:39:24,264 - api_client - INFO - Получен ответ от /Games/list, статус: OK
2026-03-11 12:39:24,264 - api_client - INFO - Получено матчей: 0
2026-03-11 12:39:24,264 - __main__ - INFO - Найдено live матчей: 0
2026-03-11 12:39:24,265 - __main__ - INFO - Ожидание 30 секунд до следующего обновления...
2026-03-11 12:39:54,265 - api_client - INFO - Запрос к API: https://api.sstats.net/Games/list
2026-03-11 12:39:54,282 - api_client - INFO - Получен ответ от /Games/list, статус: OK
2026-03-11 12:39:54,282 - api_client - INFO - Получено матчей: 0
2026-03-11 12:39:54,282 - __main__ - INFO - Найдено live матчей: 0
2026-03-11 12:39:54,282 - __main__ - INFO - Ожидание 30 секунд до следующего обновления...
2026-03-11 12:40:24,284 - api_client - INFO - Запрос к API: https://api.sstats.net/Games/list
2026-03-11 12:40:24,302 - api_client - INFO - Получен ответ от /Games/list, статус: OK
2026-03-11 12:40:24,302 - api_client - INFO - Получено матчей: 0
2026-03-11 12:40:24,303 - __main__ - INFO - Найдено live матчей: 0
2026-03-11 12:40:24,303 - __main__ - INFO - Ожидание 30 секунд до следующего обновления...
2026-03-11 12:40:54,304 - api_client - INFO - Запрос к API: https://api.sstats.net/Games/list
2026-03-11 12:40:54,392 - api_client - INFO - Получен ответ от /Games/list, статус: OK
2026-03-11 12:40:54,393 - api_client - INFO - Получено матчей: 0
2026-03-11 12:40:54,393 - __main__ - INFO - Найдено live матчей: 0
2026-03-11 12:40:54,393 - __main__ - INFO - Ожидание 30 секунд до следующего обновления...
2026-03-11 12:41:24,394 - api_client - INFO - Запрос к API: https://api.sstats.net/Games/list
2026-03-11 12:41:24,412 - api_client - INFO - Получен ответ от /Games/list, статус: OK
2026-03-11 12:41:24,413 - api_client - INFO - Получено матчей: 0
2026-03-11 12:41:24,413 - __main__ - INFO - Найдено live матчей: 0
2026-03-11 12:41:24,413 - __main__ - INFO - Ожидание 30 секунд до следующего обновления...
2026-03-11 12:41:54,414 - api_client - INFO - Запрос к API: https://api.sstats.net/Games/list
2026-03-11 12:41:54,436 - api_client - INFO - Получен ответ от /Games/list, статус: OK
2026-03-11 12:41:54,436 - api_client - INFO - Получено матчей: 0
2026-03-11 12:41:54,436 - __main__ - INFO - Найдено live матчей: 0
2026-03-11 12:41:54,436 - __main__ - INFO - Ожидание 30 секунд до следующего обновления...
2026-03-11 12:42:24,437 - api_client - INFO - Запрос к API: https://api.sstats.net/Games/list
2026-03-11 12:42:24,454 - api_client - INFO - Получен ответ от /Games/list, статус: OK
2026-03-11 12:42:24,454 - api_client - INFO - Получено матчей: 0
2026-03-11 12:42:24,454 - __main__ - INFO - Найдено live матчей: 0
2026-03-11 12:42:24,454 - __main__ - INFO - Ожидание 30 секунд до следующего обновления...
2026-03-11 12:42:54,455 - api_client - INFO - Запрос к API: https://api.sstats.net/Games/list
2026-03-11 12:42:54,472 - api_client - INFO - Получен ответ от /Games/list, статус: OK
2026-03-11 12:42:54,472 - api_client - INFO - Получено матчей: 0
2026-03-11 12:42:54,474 - __main__ - INFO - Найдено live матчей: 0
2026-03-11 12:42:54,474 - __main__ - INFO - Ожидание 30 секунд до следующего обновления...
2026-03-11 12:43:24,474 - api_client - INFO - Запрос к API: https://api.sstats.net/Games/list
2026-03-11 12:43:24,493 - api_client - INFO - Получен ответ от /Games/list, статус: OK
2026-03-11 12:43:24,493 - api_client - INFO - Получено матчей: 0
2026-03-11 12:43:24,493 - __main__ - INFO - Найдено live матчей: 0
2026-03-11 12:43:24,493 - __main__ - INFO - Ожидание 30 секунд до следующего обновления...
2026-03-11 12:43:54,494 - api_client - INFO - Запрос к API: https://api.sstats.net/Games/list
2026-03-11 12:43:54,515 - api_client - INFO - Получен ответ от /Games/list, статус: OK
2026-03-11 12:43:54,515 - api_client - INFO - Получено матчей: 0
2026-03-11 12:43:54,515 - __main__ - INFO - Найдено live матчей: 0
2026-03-11 12:43:54,515 - __main__ - INFO - Ожидание 30 секунд до следующего обновления...
2026-03-11 12:44:24,517 - api_client - INFO - Запрос к API: https://api.sstats.net/Games/list
2026-03-11 12:44:24,531 - api_client - INFO - Получен ответ от /Games/list, статус: OK
2026-03-11 12:44:24,531 - api_client - INFO - Получено матчей: 0
2026-03-11 12:44:24,531 - __main__ - INFO - Найдено live матчей: 0
2026-03-11 12:44:24,531 - __main__ - INFO - Ожидание 30 секунд до следующего обновления...
2026-03-11 12:44:54,535 - api_client - INFO - Запрос к API: https://api.sstats.net/Games/list
2026-03-11 12:44:54,615 - api_client - INFO - Получен ответ от /Games/list, статус: OK
2026-03-11 12:44:54,615 - api_client - INFO - Получено матчей: 0
2026-03-11 12:44:54,631 - __main__ - INFO - Найдено live матчей: 0
2026-03-11 12:44:54,631 - __main__ - INFO - Ожидание 30 секунд до следующего обновления...
2026-03-11 12:45:24,633 - api_client - INFO - Запрос к API: https://api.sstats.net/Games/list
2026-03-11 12:45:24,637 - api_client - INFO - Получен ответ от /Games/list, статус: OK
2026-03-11 12:45:24,637 - api_client - INFO - Получено матчей: 0
2026-03-11 12:45:24,637 - __main__ - INFO - Найдено live матчей: 0
2026-03-11 12:45:24,637 - __main__ - INFO - Ожидание 30 секунд до следующего обновления...
2026-03-11 12:45:54,652 - api_client - INFO - Запрос к API: https://api.sstats.net/Games/list
2026-03-11 12:45:54,671 - api_client - INFO - Получен ответ от /Games/list, статус: OK
2026-03-11 12:45:54,671 - api_client - INFO - Получено матчей: 0
2026-03-11 12:45:54,671 - __main__ - INFO - Найдено live матчей: 0
2026-03-11 12:45:54,671 - __main__ - INFO - Ожидание 30 секунд до следующего обновления...
2026-03-11 12:46:24,672 - api_client - INFO - Запрос к API: https://api.sstats.net/Games/list
2026-03-11 12:46:24,697 - api_client - INFO - Получен ответ от /Games/list, статус: OK
2026-03-11 12:46:24,697 - api_client - INFO - Получено матчей: 0
2026-03-11 12:46:24,697 - __main__ - INFO - Найдено live матчей: 0
2026-03-11 12:46:24,697 - __main__ - INFO - Ожидание 30 секунд до следующего обновления...
2026-03-11 12:46:54,698 - api_client - INFO - Запрос к API: https://api.sstats.net/Games/list
2026-03-11 12:46:54,716 - api_client - INFO - Получен ответ от /Games/list, статус: OK
2026-03-11 12:46:54,716 - api_client - INFO - Получено матчей: 0
2026-03-11 12:46:54,716 - __main__ - INFO - Найдено live матчей: 0
2026-03-11 12:46:54,716 - __main__ - INFO - Ожидание 30 секунд до следующего обновления...
2026-03-11 12:47:24,719 - api_client - INFO - Запрос к API: https://api.sstats.net/Games/list
2026-03-11 12:47:24,731 - api_client - INFO - Получен ответ от /Games/list, статус: OK
2026-03-11 12:47:24,731 - api_client - INFO - Получено матчей: 0
2026-03-11 12:47:24,731 - __main__ - INFO - Найдено live матчей: 0
2026-03-11 12:47:24,731 - __main__ - INFO - Ожидание 30 секунд до следующего обновления...
2026-03-11 12:47:54,737 - api_client - INFO - Запрос к API: https://api.sstats.net/Games/list
2026-03-11 12:47:54,757 - api_client - INFO - Получен ответ от /Games/list, статус: OK
2026-03-11 12:47:54,757 - api_client - INFO - Получено матчей: 0
2026-03-11 12:47:54,757 - __main__ - INFO - Найдено live матчей: 0
2026-03-11 12:47:54,757 - __main__ - INFO - Ожидание 30 секунд до следующего обновления...
2026-03-11 12:48:24,758 - api_client - INFO - Запрос к API: https://api.sstats.net/Games/list
2026-03-11 12:48:24,864 - api_client - INFO - Получен ответ от /Games/list, статус: OK
2026-03-11 12:48:24,864 - api_client - INFO - Получено матчей: 0
2026-03-11 12:48:24,864 - __main__ - INFO - Найдено live матчей: 0
2026-03-11 12:48:24,864 - __main__ - INFO - Ожидание 30 секунд до следующего обновления...
2026-03-11 12:48:54,866 - api_client - INFO - Запрос к API: https://api.sstats.net/Games/list
2026-03-11 12:48:54,883 - api_client - INFO - Получен ответ от /Games/list, статус: OK
2026-03-11 12:48:54,883 - api_client - INFO - Получено матчей: 0
2026-03-11 12:48:54,883 - __main__ - INFO - Найдено live матчей: 0
2026-03-11 12:48:54,883 - __main__ - INFO - Ожидание 30 секунд до следующего обновления...
2026-03-11 12:49:24,885 - api_client - INFO - Запрос к API: https://api.sstats.net/Games/list
2026-03-11 12:49:24,902 - api_client - INFO - Получен ответ от /Games/list, статус: OK
2026-03-11 12:49:24,902 - api_client - INFO - Получено матчей: 0
2026-03-11 12:49:24,902 - __main__ - INFO - Найдено live матчей: 0
2026-03-11 12:49:24,902 - __main__ - INFO - Ожидание 30 секунд до следующего обновления...
2026-03-11 12:49:54,905 - api_client - INFO - Запрос к API: https://api.sstats.net/Games/list
2026-03-11 12:49:55,000 - api_client - INFO - Получен ответ от /Games/list, статус: OK
2026-03-11 12:49:55,002 - api_client - INFO - Получено матчей: 0
2026-03-11 12:49:55,002 - __main__ - INFO - Найдено live матчей: 0
2026-03-11 12:49:55,002 - __main__ - INFO - Ожидание 30 секунд до следующего обновления...
2026-03-11 12:50:25,003 - api_client - INFO - Запрос к API: https://api.sstats.net/Games/list
2026-03-11 12:50:25,021 - api_client - INFO - Получен ответ от /Games/list, статус: OK
2026-03-11 12:50:25,021 - api_client - INFO - Получено матчей: 0
2026-03-11 12:50:25,021 - __main__ - INFO - Найдено live матчей: 0
2026-03-11 12:50:25,021 - __main__ - INFO - Ожидание 30 секунд до следующего обновления...
2026-03-11 12:50:55,024 - api_client - INFO - Запрос к API: https://api.sstats.net/Games/list
2026-03-11 12:50:55,113 - api_client - INFO - Получен ответ от /Games/list, статус: OK
2026-03-11 12:50:55,113 - api_client - INFO - Получено матчей: 0
2026-03-11 12:50:55,113 - __main__ - INFO - Найдено live матчей: 0
2026-03-11 12:50:55,113 - __main__ - INFO - Ожидание 30 секунд до следующего обновления...
2026-03-11 12:51:25,120 - api_client - INFO - Запрос к API: https://api.sstats.net/Games/list
2026-03-11 12:51:25,137 - api_client - INFO - Получен ответ от /Games/list, статус: OK
2026-03-11 12:51:25,137 - api_client - INFO - Получено матчей: 0
2026-03-11 12:51:25,137 - __main__ - INFO - Найдено live матчей: 0
2026-03-11 12:51:25,137 - __main__ - INFO - Ожидание 30 секунд до следующего обновления...
2026-03-11 12:51:55,139 - api_client - INFO - Запрос к API: https://api.sstats.net/Games/list
2026-03-11 12:51:55,142 - api_client - INFO - Получен ответ от /Games/list, статус: OK
2026-03-11 12:51:55,142 - api_client - INFO - Получено матчей: 0
2026-03-11 12:51:55,142 - __main__ - INFO - Найдено live матчей: 0
2026-03-11 12:51:55,142 - __main__ - INFO - Ожидание 30 секунд до следующего обновления...
2026-03-11 12:52:25,159 - api_client - INFO - Запрос к API: https://api.sstats.net/Games/list
2026-03-11 12:52:25,176 - api_client - INFO - Получен ответ от /Games/list, статус: OK
2026-03-11 12:52:25,176 - api_client - INFO - Получено матчей: 0
2026-03-11 12:52:25,176 - __main__ - INFO - Найдено live матчей: 0
2026-03-11 12:52:25,176 - __main__ - INFO - Ожидание 30 секунд до следующего обновления...
2026-03-11 12:52:55,177 - api_client - INFO - Запрос к API: https://api.sstats.net/Games/list
2026-03-11 12:52:55,274 - api_client - INFO - Получен ответ от /Games/list, статус: OK
2026-03-11 12:52:55,274 - api_client - INFO - Получено матчей: 0
2026-03-11 12:52:55,274 - __main__ - INFO - Найдено live матчей: 0
2026-03-11 12:52:55,274 - __main__ - INFO - Ожидание 30 секунд до следующего обновления...
2026-03-11 12:53:25,275 - api_client - INFO - Запрос к API: https://api.sstats.net/Games/list
2026-03-11 12:53:25,292 - api_client - INFO - Получен ответ от /Games/list, статус: OK
2026-03-11 12:53:25,292 - api_client - INFO - Получено матчей: 0
2026-03-11 12:53:25,292 - __main__ - INFO - Найдено live матчей: 0
2026-03-11 12:53:25,292 - __main__ - INFO - Ожидание 30 секунд до следующего обновления...
2026-03-11 12:53:55,294 - api_client - INFO - Запрос к API: https://api.sstats.net/Games/list
2026-03-11 12:53:55,363 - api_client - INFO - Получен ответ от /Games/list, статус: OK
2026-03-11 12:53:55,363 - api_client - INFO - Получено матчей: 0
2026-03-11 12:53:55,363 - __main__ - INFO - Найдено live матчей: 0
2026-03-11 12:53:55,363 - __main__ - INFO - Ожидание 30 секунд до следующего обновления...
2026-03-11 12:54:25,365 - api_client - INFO - Запрос к API: https://api.sstats.net/Games/list
2026-03-11 12:54:25,384 - api_client - INFO - Получен ответ от /Games/list, статус: OK
2026-03-11 12:54:25,384 - api_client - INFO - Получено матчей: 0
2026-03-11 12:54:25,384 - __main__ - INFO - Найдено live матчей: 0
2026-03-11 12:54:25,384 - __main__ - INFO - Ожидание 30 секунд до следующего обновления...
2026-03-11 12:54:55,386 - api_client - INFO - Запрос к API: https://api.sstats.net/Games/list
2026-03-11 12:54:55,404 - api_client - INFO - Получен ответ от /Games/list, статус: OK
2026-03-11 12:54:55,404 - api_client - INFO - Получено матчей: 0
2026-03-11 12:54:55,404 - __main__ - INFO - Найдено live матчей: 0
2026-03-11 12:54:55,404 - __main__ - INFO - Ожидание 30 секунд до следующего обновления...
2026-03-11 12:55:25,406 - api_client - INFO - Запрос к API: https://api.sstats.net/Games/list
2026-03-11 12:55:25,495 - api_client - INFO - Получен ответ от /Games/list, статус: OK
2026-03-11 12:55:25,495 - api_client - INFO - Получено матчей: 0
2026-03-11 12:55:25,496 - __main__ - INFO - Найдено live матчей: 0
2026-03-11 12:55:25,496 - __main__ - INFO - Ожидание 30 секунд до следующего обновления...
2026-03-11 12:55:55,497 - api_client - INFO - Запрос к API: https://api.sstats.net/Games/list
2026-03-11 12:55:55,513 - api_client - INFO - Получен ответ от /Games/list, статус: OK
2026-03-11 12:55:55,514 - api_client - INFO - Получено матчей: 0
2026-03-11 12:55:55,514 - __main__ - INFO - Найдено live матчей: 0
2026-03-11 12:55:55,514 - __main__ - INFO - Ожидание 30 секунд до следующего обновления...
2026-03-11 12:56:25,514 - api_client - INFO - Запрос к API: https://api.sstats.net/Games/list
2026-03-11 12:56:25,533 - api_client - INFO - Получен ответ от /Games/list, статус: OK
2026-03-11 12:56:25,533 - api_client - INFO - Получено матчей: 0
2026-03-11 12:56:25,533 - __main__ - INFO - Найдено live матчей: 0
2026-03-11 12:56:25,533 - __main__ - INFO - Ожидание 30 секунд до следующего обновления...
2026-03-11 12:56:55,535 - api_client - INFO - Запрос к API: https://api.sstats.net/Games/list
2026-03-11 12:56:55,556 - api_client - INFO - Получен ответ от /Games/list, статус: OK
2026-03-11 12:56:55,556 - api_client - INFO - Получено матчей: 0
2026-03-11 12:56:55,556 - __main__ - INFO - Найдено live матчей: 0
2026-03-11 12:56:55,556 - __main__ - INFO - Ожидание 30 секунд до следующего обновления...
2026-03-11 12:57:25,557 - api_client - INFO - Запрос к API: https://api.sstats.net/Games/list
2026-03-11 12:57:25,574 - api_client - INFO - Получен ответ от /Games/list, статус: OK
2026-03-11 12:57:25,574 - api_client - INFO - Получено матчей: 0
2026-03-11 12:57:25,575 - __main__ - INFO - Найдено live матчей: 0
2026-03-11 12:57:25,575 - __main__ - INFO - Ожидание 30 секунд до следующего обновления...
2026-03-11 12:57:55,575 - api_client - INFO - Запрос к API: https://api.sstats.net/Games/list
2026-03-11 12:57:55,591 - api_client - INFO - Получен ответ от /Games/list, статус: OK
2026-03-11 12:57:55,591 - api_client - INFO - Получено матчей: 0
2026-03-11 12:57:55,591 - __main__ - INFO - Найдено live матчей: 0
2026-03-11 12:57:55,591 - __main__ - INFO - Ожидание 30 секунд до следующего обновления...
2026-03-11 12:58:25,593 - api_client - INFO - Запрос к API: https://api.sstats.net/Games/list
2026-03-11 12:58:25,610 - api_client - INFO - Получен ответ от /Games/list, статус: OK
2026-03-11 12:58:25,612 - api_client - INFO - Получено матчей: 0
2026-03-11 12:58:25,612 - __main__ - INFO - Найдено live матчей: 0
2026-03-11 12:58:25,612 - __main__ - INFO - Ожидание 30 секунд до следующего обновления...
2026-03-11 12:58:55,613 - api_client - INFO - Запрос к API: https://api.sstats.net/Games/list
2026-03-11 12:58:55,631 - api_client - INFO - Получен ответ от /Games/list, статус: OK
2026-03-11 12:58:55,631 - api_client - INFO - Получено матчей: 0
2026-03-11 12:58:55,631 - __main__ - INFO - Найдено live матчей: 0
2026-03-11 12:58:55,632 - __main__ - INFO - Ожидание 30 секунд до следующего обновления...
2026-03-11 12:59:25,633 - api_client - INFO - Запрос к API: https://api.sstats.net/Games/list
2026-03-11 12:59:25,651 - api_client - INFO - Получен ответ от /Games/list, статус: OK
2026-03-11 12:59:25,651 - api_client - INFO - Получено матчей: 0
2026-03-11 12:59:25,651 - __main__ - INFO - Найдено live матчей: 0
2026-03-11 12:59:25,651 - __main__ - INFO - Ожидание 30 секунд до следующего обновления...
2026-03-11 12:59:55,653 - api_client - INFO - Запрос к API: https://api.sstats.net/Games/list
2026-03-11 12:59:55,671 - api_client - INFO - Получен ответ от /Games/list, статус: OK
2026-03-11 12:59:55,671 - api_client - INFO - Получено матчей: 0
2026-03-11 12:59:55,671 - __main__ - INFO - Найдено live матчей: 0
2026-03-11 12:59:55,672 - __main__ - INFO - Ожидание 30 секунд до следующего обновления...
2026-03-11 13:00:25,672 - api_client - INFO - Запрос к API: https://api.sstats.net/Games/list
2026-03-11 13:00:25,691 - api_client - INFO - Получен ответ от /Games/list, статус: OK
2026-03-11 13:00:25,691 - api_client - INFO - Получено матчей: 0
2026-03-11 13:00:25,692 - __main__ - INFO - Найдено live матчей: 0
2026-03-11 13:00:25,692 - __main__ - INFO - Ожидание 30 секунд до следующего обновления...
2026-03-11 13:00:55,693 - api_client - INFO - Запрос к API: https://api.sstats.net/Games/list
2026-03-11 13:00:55,714 - api_client - INFO - Получен ответ от /Games/list, статус: OK
2026-03-11 13:00:55,714 - api_client - INFO - Получено матчей: 0
2026-03-11 13:00:55,714 - __main__ - INFO - Найдено live матчей: 0
2026-03-11 13:00:55,714 - __main__ - INFO - Ожидание 30 секунд до следующего обновления...
2026-03-11 13:01:25,715 - api_client - INFO - Запрос к API: https://api.sstats.net/Games/list
2026-03-11 13:01:25,733 - api_client - INFO - Получен ответ от /Games/list, статус: OK
2026-03-11 13:01:25,733 - api_client - INFO - Получено матчей: 0
2026-03-11 13:01:25,733 - __main__ - INFO - Найдено live матчей: 0
2026-03-11 13:01:25,734 - __main__ - INFO - Ожидание 30 секунд до следующего обновления...
2026-03-11 13:01:55,735 - api_client - INFO - Запрос к API: https://api.sstats.net/Games/list
2026-03-11 13:01:55,751 - api_client - INFO - Получен ответ от /Games/list, статус: OK
2026-03-11 13:01:55,752 - api_client - INFO - Получено матчей: 0
2026-03-11 13:01:55,752 - __main__ - INFO - Найдено live матчей: 0
2026-03-11 13:01:55,752 - __main__ - INFO - Ожидание 30 секунд до следующего обновления...
2026-03-11 13:02:25,753 - api_client - INFO - Запрос к API: https://api.sstats.net/Games/list
2026-03-11 13:02:25,770 - api_client - INFO - Получен ответ от /Games/list, статус: OK
2026-03-11 13:02:25,770 - api_client - INFO - Получено матчей: 0
2026-03-11 13:02:25,770 - __main__ - INFO - Найдено live матчей: 0
2026-03-11 13:02:25,770 - __main__ - INFO - Ожидание 30 секунд до следующего обновления...
2026-03-11 13:02:55,771 - api_client - INFO - Запрос к API: https://api.sstats.net/Games/list
2026-03-11 13:02:55,789 - api_client - INFO - Получен ответ от /Games/list, статус: OK
2026-03-11 13:02:55,789 - api_client - INFO - Получено матчей: 0
2026-03-11 13:02:55,789 - __main__ - INFO - Найдено live матчей: 0
2026-03-11 13:02:55,789 - __main__ - INFO - Ожидание 30 секунд до следующего обновления...
2026-03-11 13:03:25,791 - api_client - INFO - Запрос к API: https://api.sstats.net/Games/list
2026-03-11 13:03:25,810 - api_client - INFO - Получен ответ от /Games/list, статус: OK
2026-03-11 13:03:25,810 - api_client - INFO - Получено матчей: 0
2026-03-11 13:03:25,810 - __main__ - INFO - Найдено live матчей: 0
2026-03-11 13:03:25,810 - __main__ - INFO - Ожидание 30 секунд до следующего обновления...
2026-03-11 13:03:55,811 - api_client - INFO - Запрос к API: https://api.sstats.net/Games/list
2026-03-11 13:03:55,826 - api_client - INFO - Получен ответ от /Games/list, статус: OK
2026-03-11 13:03:55,830 - api_client - INFO - Получено матчей: 0
2026-03-11 13:03:55,830 - __main__ - INFO - Найдено live матчей: 0
2026-03-11 13:03:55,830 - __main__ - INFO - Ожидание 30 секунд до следующего обновления...
2026-03-11 13:04:25,831 - api_client - INFO - Запрос к API: https://api.sstats.net/Games/list
2026-03-11 13:04:25,846 - api_client - INFO - Получен ответ от /Games/list, статус: OK
2026-03-11 13:04:25,846 - api_client - INFO - Получено матчей: 0
2026-03-11 13:04:25,848 - __main__ - INFO - Найдено live матчей: 0
2026-03-11 13:04:25,848 - __main__ - INFO - Ожидание 30 секунд до следующего обновления...
2026-03-11 13:04:55,849 - api_client - INFO - Запрос к API: https://api.sstats.net/Games/list
2026-03-11 13:04:55,865 - api_client - INFO - Получен ответ от /Games/list, статус: OK
2026-03-11 13:04:55,865 - api_client - INFO - Получено матчей: 0
2026-03-11 13:04:55,865 - __main__ - INFO - Найдено live матчей: 0
2026-03-11 13:04:55,865 - __main__ - INFO - Ожидание 30 секунд до следующего обновления...
2026-03-11 13:05:25,867 - api_client - INFO - Запрос к API: https://api.sstats.net/Games/list
2026-03-11 13:05:25,885 - api_client - INFO - Получен ответ от /Games/list, статус: OK
2026-03-11 13:05:25,885 - api_client - INFO - Получено матчей: 0
2026-03-11 13:05:25,885 - __main__ - INFO - Найдено live матчей: 0
2026-03-11 13:05:25,885 - __main__ - INFO - Ожидание 30 секунд до следующего обновления...
2026-03-11 13:05:55,886 - api_client - INFO - Запрос к API: https://api.sstats.net/Games/list
2026-03-11 13:05:55,903 - api_client - INFO - Получен ответ от /Games/list, статус: OK
2026-03-11 13:05:55,903 - api_client - INFO - Получено матчей: 0
2026-03-11 13:05:55,904 - __main__ - INFO - Найдено live матчей: 0
2026-03-11 13:05:55,904 - __main__ - INFO - Ожидание 30 секунд до следующего обновления...
2026-03-11 13:06:25,905 - api_client - INFO - Запрос к API: https://api.sstats.net/Games/list
2026-03-11 13:06:25,925 - api_client - INFO - Получен ответ от /Games/list, статус: OK
2026-03-11 13:06:25,925 - api_client - INFO - Получено матчей: 0
2026-03-11 13:06:25,925 - __main__ - INFO - Найдено live матчей: 0
2026-03-11 13:06:25,925 - __main__ - INFO - Ожидание 30 секунд до следующего обновления...
2026-03-11 13:06:55,926 - api_client - INFO - Запрос к API: https://api.sstats.net/Games/list
2026-03-11 13:06:55,942 - api_client - INFO - Получен ответ от /Games/list, статус: OK
2026-03-11 13:06:55,942 - api_client - INFO - Получено матчей: 0
2026-03-11 13:06:55,943 - __main__ - INFO - Найдено live матчей: 0
2026-03-11 13:06:55,943 - __main__ - INFO - Ожидание 30 секунд до следующего обновления...
2026-03-11 13:07:25,944 - api_client - INFO - Запрос к API: https://api.sstats.net/Games/list
2026-03-11 13:07:25,963 - api_client - INFO - Получен ответ от /Games/list, статус: OK
2026-03-11 13:07:25,963 - api_client - INFO - Получено матчей: 0
2026-03-11 13:07:25,964 - __main__ - INFO - Найдено live матчей: 0
2026-03-11 13:07:25,964 - __main__ - INFO - Ожидание 30 секунд до следующего обновления...
2026-03-11 13:07:55,965 - api_client - INFO - Запрос к API: https://api.sstats.net/Games/list
2026-03-11 13:07:55,979 - api_client - INFO - Получен ответ от /Games/list, статус: OK
2026-03-11 13:07:55,979 - api_client - INFO - Получено матчей: 0
2026-03-11 13:07:55,979 - __main__ - INFO - Найдено live матчей: 0
2026-03-11 13:07:55,979 - __main__ - INFO - Ожидание 30 секунд до следующего обновления...
2026-03-11 13:08:25,983 - api_client - INFO - Запрос к API: https://api.sstats.net/Games/list
2026-03-11 13:08:26,001 - api_client - INFO - Получен ответ от /Games/list, статус: OK
2026-03-11 13:08:26,001 - api_client - INFO - Получено матчей: 0
2026-03-11 13:08:26,001 - __main__ - INFO - Найдено live матчей: 0
2026-03-11 13:08:26,001 - __main__ - INFO - Ожидание 30 секунд до следующего обновления...
2026-03-11 13:08:56,002 - api_client - INFO - Запрос к API: https://api.sstats.net/Games/list
2026-03-11 13:08:56,016 - api_client - INFO - Получен ответ от /Games/list, статус: OK
2026-03-11 13:08:56,016 - api_client - INFO - Получено матчей: 0
2026-03-11 13:08:56,016 - __main__ - INFO - Найдено live матчей: 0
2026-03-11 13:08:56,016 - __main__ - INFO - Ожидание 30 секунд до следующего обновления...
2026-03-11 13:09:26,022 - api_client - INFO - Запрос к API: https://api.sstats.net/Games/list
2026-03-11 13:09:26,041 - api_client - INFO - Получен ответ от /Games/list, статус: OK
2026-03-11 13:09:26,042 - api_client - INFO - Получено матчей: 0
2026-03-11 13:09:26,042 - __main__ - INFO - Найдено live матчей: 0
2026-03-11 13:09:26,042 - __main__ - INFO - Ожидание 30 секунд до следующего обновления...
2026-03-11 13:09:56,043 - api_client - INFO - Запрос к API: https://api.sstats.net/Games/list
2026-03-11 13:09:56,061 - api_client - INFO - Получен ответ от /Games/list, статус: OK
2026-03-11 13:09:56,062 - api_client - INFO - Получено матчей: 0
2026-03-11 13:09:56,062 - __main__ - INFO - Найдено live матчей: 0
2026-03-11 13:09:56,062 - __main__ - INFO - Ожидание 30 секунд до следующего обновления...
2026-03-11 13:10:26,063 - api_client - INFO - Запрос к API: https://api.sstats.net/Games/list
2026-03-11 13:10:26,080 - api_client - INFO - Получен ответ от /Games/list, статус: OK
2026-03-11 13:10:26,082 - api_client - INFO - Получено матчей: 0
2026-03-11 13:10:26,082 - __main__ - INFO - Найдено live матчей: 0
2026-03-11 13:10:26,082 - __main__ - INFO - Ожидание 30 секунд до следующего обновления...
2026-03-11 13:10:56,084 - api_client - INFO - Запрос к API: https://api.sstats.net/Games/list
2026-03-11 13:10:56,103 - api_client - INFO - Получен ответ от /Games/list, статус: OK
2026-03-11 13:10:56,103 - api_client - INFO - Получено матчей: 0
2026-03-11 13:10:56,103 - __main__ - INFO - Найдено live матчей: 0
2026-03-11 13:10:56,103 - __main__ - INFO - Ожидание 30 секунд до следующего обновления...
2026-03-11 13:11:26,104 - api_client - INFO - Запрос к API: https://api.sstats.net/Games/list
2026-03-11 13:11:26,121 - api_client - INFO - Получен ответ от /Games/list, статус: OK
2026-03-11 13:11:26,122 - api_client - INFO - Получено матчей: 0
2026-03-11 13:11:26,122 - __main__ - INFO - Найдено live матчей: 0
2026-03-11 13:11:26,122 - __main__ - INFO - Ожидание 30 секунд до следующего обновления...
2026-03-11 13:11:56,123 - api_client - INFO - Запрос к API: https://api.sstats.net/Games/list
2026-03-11 13:11:56,141 - api_client - INFO - Получен ответ от /Games/list, статус: OK
2026-03-11 13:11:56,141 - api_client - INFO - Получено матчей: 0
2026-03-11 13:11:56,141 - __main__ - INFO - Найдено live матчей: 0
2026-03-11 13:11:56,141 - __main__ - INFO - Ожидание 30 секунд до следующего обновления...
2026-03-11 13:12:26,142 - api_client - INFO - Запрос к API: https://api.sstats.net/Games/list
2026-03-11 13:12:26,160 - api_client - INFO - Получен ответ от /Games/list, статус: OK
2026-03-11 13:12:26,160 - api_client - INFO - Получено матчей: 0
2026-03-11 13:12:26,160 - __main__ - INFO - Найдено live матчей: 0
2026-03-11 13:12:26,161 - __main__ - INFO - Ожидание 30 секунд до следующего обновления...
2026-03-11 13:12:56,162 - api_client - INFO - Запрос к API: https://api.sstats.net/Games/list
2026-03-11 13:12:56,179 - api_client - INFO - Получен ответ от /Games/list, статус: OK
2026-03-11 13:12:56,179 - api_client - INFO - Получено матчей: 0
2026-03-11 13:12:56,179 - __main__ - INFO - Найдено live матчей: 0
2026-03-11 13:12:56,179 - __main__ - INFO - Ожидание 30 секунд до следующего обновления...
2026-03-11 13:13:26,181 - api_client - INFO - Запрос к API: https://api.sstats.net/Games/list
2026-03-11 13:13:26,199 - api_client - INFO - Получен ответ от /Games/list, статус: OK
2026-03-11 13:13:26,199 - api_client - INFO - Получено матчей: 0
2026-03-11 13:13:26,199 - __main__ - INFO - Найдено live матчей: 0
2026-03-11 13:13:26,200 - __main__ - INFO - Ожидание 30 секунд до следующего обновления...
2026-03-11 13:13:56,201 - api_client - INFO - Запрос к API: https://api.sstats.net/Games/list
2026-03-11 13:13:56,217 - api_client - INFO - Получен ответ от /Games/list, статус: OK
2026-03-11 13:13:56,217 - api_client - INFO - Получено матчей: 0
2026-03-11 13:13:56,217 - __main__ - INFO - Найдено live матчей: 0
2026-03-11 13:13:56,217 - __main__ - INFO - Ожидание 30 секунд до следующего обновления...
2026-03-11 13:14:26,219 - api_client - INFO - Запрос к API: https://api.sstats.net/Games/list
2026-03-11 13:14:26,236 - api_client - INFO - Получен ответ от /Games/list, статус: OK
2026-03-11 13:14:26,236 - api_client - INFO - Получено матчей: 0
2026-03-11 13:14:26,237 - __main__ - INFO - Найдено live матчей: 0
2026-03-11 13:14:26,237 - __main__ - INFO - Ожидание 30 секунд до следующего обновления...
2026-03-11 13:14:56,237 - api_client - INFO - Запрос к API: https://api.sstats.net/Games/list
2026-03-11 13:14:56,256 - api_client - INFO - Получен ответ от /Games/list, статус: OK
2026-03-11 13:14:56,257 - api_client - INFO - Получено матчей: 0
2026-03-11 13:14:56,257 - __main__ - INFO - Найдено live матчей: 0
2026-03-11 13:14:56,257 - __main__ - INFO - Ожидание 30 секунд до следующего обновления...
2026-03-11 13:15:26,258 - api_client - INFO - Запрос к API: https://api.sstats.net/Games/list
2026-03-11 13:15:26,277 - api_client - INFO - Получен ответ от /Games/list, статус: OK
2026-03-11 13:15:26,277 - api_client - INFO - Получено матчей: 0
2026-03-11 13:15:26,277 - __main__ - INFO - Найдено live матчей: 0
2026-03-11 13:15:26,277 - __main__ - INFO - Ожидание 30 секунд до следующего обновления...
2026-03-11 13:15:56,279 - api_client - INFO - Запрос к API: https://api.sstats.net/Games/list
2026-03-11 13:15:56,298 - api_client - INFO - Получен ответ от /Games/list, статус: OK
2026-03-11 13:15:56,298 - api_client - INFO - Получено матчей: 0
2026-03-11 13:15:56,298 - __main__ - INFO - Найдено live матчей: 0
2026-03-11 13:15:56,298 - __main__ - INFO - Ожидание 30 секунд до следующего обновления...
2026-03-11 13:16:26,299 - api_client - INFO - Запрос к API: https://api.sstats.net/Games/list
2026-03-11 13:16:26,317 - api_client - INFO - Получен ответ от /Games/list, статус: OK
2026-03-11 13:16:26,318 - api_client - INFO - Получено матчей: 0
2026-03-11 13:16:26,318 - __main__ - INFO - Найдено live матчей: 0
2026-03-11 13:16:26,318 - __main__ - INFO - Ожидание 30 секунд до следующего обновления...
2026-03-11 13:16:56,319 - api_client - INFO - Запрос к API: https://api.sstats.net/Games/list
2026-03-11 13:16:56,337 - api_client - INFO - Получен ответ от /Games/list, статус: OK
2026-03-11 13:16:56,337 - api_client - INFO - Получено матчей: 0
2026-03-11 13:16:56,337 - __main__ - INFO - Найдено live матчей: 0
2026-03-11 13:16:56,337 - __main__ - INFO - Ожидание 30 секунд до следующего обновления...
2026-03-11 13:17:26,338 - api_client - INFO - Запрос к API: https://api.sstats.net/Games/list
2026-03-11 13:17:26,355 - api_client - INFO - Получен ответ от /Games/list, статус: OK
2026-03-11 13:17:26,355 - api_client - INFO - Получено матчей: 0
2026-03-11 13:17:26,355 - __main__ - INFO - Найдено live матчей: 0
2026-03-11 13:17:26,355 - __main__ - INFO - Ожидание 30 секунд до следующего обновления...
2026-03-11 13:17:56,357 - api_client - INFO - Запрос к API: https://api.sstats.net/Games/list
2026-03-11 13:17:56,375 - api_client - INFO - Получен ответ от /Games/list, статус: OK
2026-03-11 13:17:56,376 - api_client - INFO - Получено матчей: 0
2026-03-11 13:17:56,376 - __main__ - INFO - Найдено live матчей: 0
2026-03-11 13:17:56,376 - __main__ - INFO - Ожидание 30 секунд до следующего обновления...
2026-03-11 13:18:26,377 - api_client - INFO - Запрос к API: https://api.sstats.net/Games/list
2026-03-11 13:18:26,394 - api_client - INFO - Получен ответ от /Games/list, статус: OK
2026-03-11 13:18:26,394 - api_client - INFO - Получено матчей: 0
2026-03-11 13:18:26,394 - __main__ - INFO - Найдено live матчей: 0
2026-03-11 13:18:26,395 - __main__ - INFO - Ожидание 30 секунд до следующего обновления...
2026-03-11 13:18:56,396 - api_client - INFO - Запрос к API: https://api.sstats.net/Games/list
2026-03-11 13:18:56,412 - api_client - INFO - Получен ответ от /Games/list, статус: OK
2026-03-11 13:18:56,412 - api_client - INFO - Получено матчей: 0
2026-03-11 13:18:56,412 - __main__ - INFO - Найдено live матчей: 0
2026-03-11 13:18:56,412 - __main__ - INFO - Ожидание 30 секунд до следующего обновления...
2026-03-11 13:19:26,414 - api_client - INFO - Запрос к API: https://api.sstats.net/Games/list
2026-03-11 13:19:26,433 - api_client - INFO - Получен ответ от /Games/list, статус: OK
2026-03-11 13:19:26,433 - api_client - INFO - Получено матчей: 0
2026-03-11 13:19:26,433 - __main__ - INFO - Найдено live матчей: 0
2026-03-11 13:19:26,433 - __main__ - INFO - Ожидание 30 секунд до следующего обновления...
2026-03-11 13:19:56,434 - api_client - INFO - Запрос к API: https://api.sstats.net/Games/list
2026-03-11 13:19:56,451 - api_client - INFO - Получен ответ от /Games/list, статус: OK
2026-03-11 13:19:56,451 - api_client - INFO - Получено матчей: 0
2026-03-11 13:19:56,451 - __main__ - INFO - Найдено live матчей: 0
2026-03-11 13:19:56,451 - __main__ - INFO - Ожидание 30 секунд до следующего обновления...
2026-03-11 13:20:26,452 - api_client - INFO - Запрос к API: https://api.sstats.net/Games/list
2026-03-11 13:20:26,515 - api_client - INFO - Получен ответ от /Games/list, статус: OK
2026-03-11 13:20:26,516 - api_client - INFO - Получено матчей: 0
2026-03-11 13:20:26,516 - __main__ - INFO - Найдено live матчей: 0
2026-03-11 13:20:26,516 - __main__ - INFO - Ожидание 30 секунд до следующего обновления...
2026-03-11 13:20:56,517 - api_client - INFO - Запрос к API: https://api.sstats.net/Games/list
2026-03-11 13:20:56,532 - api_client - INFO - Получен ответ от /Games/list, статус: OK
2026-03-11 13:20:56,532 - api_client - INFO - Получено матчей: 0
2026-03-11 13:20:56,533 - __main__ - INFO - Найдено live матчей: 0
2026-03-11 13:20:56,533 - __main__ - INFO - Ожидание 30 секунд до следующего обновления...
2026-03-11 13:21:26,534 - api_client - INFO - Запрос к API: https://api.sstats.net/Games/list
2026-03-11 13:21:26,552 - api_client - INFO - Получен ответ от /Games/list, статус: OK
2026-03-11 13:21:26,552 - api_client - INFO - Получено матчей: 0
2026-03-11 13:21:26,552 - __main__ - INFO - Найдено live матчей: 0
2026-03-11 13:21:26,552 - __main__ - INFO - Ожидание 30 секунд до следующего обновления...
2026-03-11 13:21:56,554 - api_client - INFO - Запрос к API: https://api.sstats.net/Games/list
2026-03-11 13:21:56,572 - api_client - INFO - Получен ответ от /Games/list, статус: OK
2026-03-11 13:21:56,572 - api_client - INFO - Получено матчей: 0
2026-03-11 13:21:56,572 - __main__ - INFO - Найдено live матчей: 0
2026-03-11 13:21:56,572 - __main__ - INFO - Ожидание 30 секунд до следующего обновления...
2026-03-11 13:22:26,574 - api_client - INFO - Запрос к API: https://api.sstats.net/Games/list
2026-03-11 13:22:26,592 - api_client - INFO - Получен ответ от /Games/list, статус: OK
2026-03-11 13:22:26,593 - api_client - INFO - Получено матчей: 0
2026-03-11 13:22:26,593 - __main__ - INFO - Найдено live матчей: 0
2026-03-11 13:22:26,593 - __main__ - INFO - Ожидание 30 секунд до следующего обновления...
2026-03-11 13:22:56,594 - api_client - INFO - Запрос к API: https://api.sstats.net/Games/list
2026-03-11 13:22:56,612 - api_client - INFO - Получен ответ от /Games/list, статус: OK
2026-03-11 13:22:56,612 - api_client - INFO - Получено матчей: 0
2026-03-11 13:22:56,612 - __main__ - INFO - Найдено live матчей: 0
2026-03-11 13:22:56,612 - __main__ - INFO - Ожидание 30 секунд до следующего обновления...
2026-03-11 13:23:26,613 - api_client - INFO - Запрос к API: https://api.sstats.net/Games/list
2026-03-11 13:23:26,632 - api_client - INFO - Получен ответ от /Games/list, статус: OK
2026-03-11 13:23:26,632 - api_client - INFO - Получено матчей: 0
2026-03-11 13:23:26,632 - __main__ - INFO - Найдено live матчей: 0
2026-03-11 13:23:26,632 - __main__ - INFO - Ожидание 30 секунд до следующего обновления...
2026-03-11 13:23:56,634 - api_client - INFO - Запрос к API: https://api.sstats.net/Games/list
2026-03-11 13:23:56,650 - api_client - INFO - Получен ответ от /Games/list, статус: OK
2026-03-11 13:23:56,652 - api_client - INFO - Получено матчей: 0
2026-03-11 13:23:56,652 - __main__ - INFO - Найдено live матчей: 0
2026-03-11 13:23:56,652 - __main__ - INFO - Ожидание 30 секунд до следующего обновления...
2026-03-11 13:24:26,653 - api_client - INFO - Запрос к API: https://api.sstats.net/Games/list
2026-03-11 13:24:26,671 - api_client - INFO - Получен ответ от /Games/list, статус: OK
2026-03-11 13:24:26,671 - api_client - INFO - Получено матчей: 0
2026-03-11 13:24:26,671 - __main__ - INFO - Найдено live матчей: 0
2026-03-11 13:24:26,671 - __main__ - INFO - Ожидание 30 секунд до следующего обновления...
2026-03-11 13:24:56,673 - api_client - INFO - Запрос к API: https://api.sstats.net/Games/list
2026-03-11 13:24:56,692 - api_client - INFO - Получен ответ от /Games/list, статус: OK
2026-03-11 13:24:56,692 - api_client - INFO - Получено матчей: 0
2026-03-11 13:24:56,692 - __main__ - INFO - Найдено live матчей: 0
2026-03-11 13:24:56,692 - __main__ - INFO - Ожидание 30 секунд до следующего обновления...
2026-03-11 13:25:26,693 - api_client - INFO - Запрос к API: https://api.sstats.net/Games/list
2026-03-11 13:25:26,711 - api_client - INFO - Получен ответ от /Games/list, статус: OK
2026-03-11 13:25:26,711 - api_client - INFO - Получено матчей: 0
2026-03-11 13:25:26,711 - __main__ - INFO - Найдено live матчей: 0
2026-03-11 13:25:26,711 - __main__ - INFO - Ожидание 30 секунд до следующего обновления...
2026-03-11 13:25:56,712 - api_client - INFO - Запрос к API: https://api.sstats.net/Games/list
2026-03-11 13:25:56,734 - api_client - INFO - Получен ответ от /Games/list, статус: OK
2026-03-11 13:25:56,734 - api_client - INFO - Получено матчей: 0
2026-03-11 13:25:56,734 - __main__ - INFO - Найдено live матчей: 0
2026-03-11 13:25:56,734 - __main__ - INFO - Ожидание 30 секунд до следующего обновления...
2026-03-11 13:26:26,736 - api_client - INFO - Запрос к API: https://api.sstats.net/Games/list
2026-03-11 13:26:26,754 - api_client - INFO - Получен ответ от /Games/list, статус: OK
2026-03-11 13:26:26,754 - api_client - INFO - Получено матчей: 0
2026-03-11 13:26:26,754 - __main__ - INFO - Найдено live матчей: 0
2026-03-11 13:26:26,754 - __main__ - INFO - Ожидание 30 секунд до следующего обновления...
2026-03-11 13:26:56,755 - api_client - INFO - Запрос к API: https://api.sstats.net/Games/list
2026-03-11 13:26:56,767 - api_client - INFO - Получен ответ от /Games/list, статус: OK
2026-03-11 13:26:56,773 - api_client - INFO - Получено матчей: 0
2026-03-11 13:26:56,773 - __main__ - INFO - Найдено live матчей: 0
2026-03-11 13:26:56,773 - __main__ - INFO - Ожидание 30 секунд до следующего обновления...
2026-03-11 13:27:26,774 - api_client - INFO - Запрос к API: https://api.sstats.net/Games/list
2026-03-11 13:27:26,791 - api_client - INFO - Получен ответ от /Games/list, статус: OK
2026-03-11 13:27:26,791 - api_client - INFO - Получено матчей: 0
2026-03-11 13:27:26,791 - __main__ - INFO - Найдено live матчей: 0
2026-03-11 13:27:26,791 - __main__ - INFO - Ожидание 30 секунд до следующего обновления...
2026-03-11 13:27:56,792 - api_client - INFO - Запрос к API: https://api.sstats.net/Games/list
2026-03-11 13:27:56,809 - api_client - INFO - Получен ответ от /Games/list, статус: OK
2026-03-11 13:27:56,810 - api_client - INFO - Получено матчей: 0
2026-03-11 13:27:56,810 - __main__ - INFO - Найдено live матчей: 0
2026-03-11 13:27:56,810 - __main__ - INFO - Ожидание 30 секунд до следующего обновления...
2026-03-11 13:28:26,811 - api_client - INFO - Запрос к API: https://api.sstats.net/Games/list
2026-03-11 13:28:26,828 - api_client - INFO - Получен ответ от /Games/list, статус: OK
2026-03-11 13:28:26,828 - api_client - INFO - Получено матчей: 0
2026-03-11 13:28:26,828 - __main__ - INFO - Найдено live матчей: 0
2026-03-11 13:28:26,828 - __main__ - INFO - Ожидание 30 секунд до следующего обновления...
2026-03-11 13:28:56,830 - api_client - INFO - Запрос к API: https://api.sstats.net/Games/list
2026-03-11 13:28:56,847 - api_client - INFO - Получен ответ от /Games/list, статус: OK
2026-03-11 13:28:56,847 - api_client - INFO - Получено матчей: 0
2026-03-11 13:28:56,847 - __main__ - INFO - Найдено live матчей: 0
2026-03-11 13:28:56,847 - __main__ - INFO - Ожидание 30 секунд до следующего обновления...
2026-03-11 13:29:26,849 - api_client - INFO - Запрос к API: https://api.sstats.net/Games/list
2026-03-11 13:29:26,865 - api_client - INFO - Получен ответ от /Games/list, статус: OK
2026-03-11 13:29:26,865 - api_client - INFO - Получено матчей: 0
2026-03-11 13:29:26,865 - __main__ - INFO - Найдено live матчей: 0
2026-03-11 13:29:26,865 - __main__ - INFO - Ожидание 30 секунд до следующего обновления...
2026-03-11 13:29:56,866 - api_client - INFO - Запрос к API: https://api.sstats.net/Games/list
2026-03-11 13:29:56,884 - api_client - INFO - Получен ответ от /Games/list, статус: OK
2026-03-11 13:29:56,884 - api_client - INFO - Получено матчей: 0
2026-03-11 13:29:56,884 - __main__ - INFO - Найдено live матчей: 0
2026-03-11 13:29:56,884 - __main__ - INFO - Ожидание 30 секунд до следующего обновления...
2026-03-11 13:30:26,885 - api_client - INFO - Запрос к API: https://api.sstats.net/Games/list
2026-03-11 13:30:26,905 - api_client - INFO - Получен ответ от /Games/list, статус: OK
2026-03-11 13:30:26,905 - api_client - INFO - Получено матчей: 0
2026-03-11 13:30:26,905 - __main__ - INFO - Найдено live матчей: 0
2026-03-11 13:30:26,905 - __main__ - INFO - Ожидание 30 секунд до следующего обновления...
2026-03-11 13:30:56,910 - api_client - INFO - Запрос к API: https://api.sstats.net/Games/list
2026-03-11 13:30:56,927 - api_client - INFO - Получен ответ от /Games/list, статус: OK
2026-03-11 13:30:56,927 - api_client - INFO - Получено матчей: 0
2026-03-11 13:30:56,927 - __main__ - INFO - Найдено live матчей: 0
2026-03-11 13:30:56,930 - __main__ - INFO - Ожидание 30 секунд до следующего обновления...
2026-03-11 13:31:26,931 - api_client - INFO - Запрос к API: https://api.sstats.net/Games/list
2026-03-11 13:31:26,952 - api_client - INFO - Получен ответ от /Games/list, статус: OK
2026-03-11 13:31:26,952 - api_client - INFO - Получено матчей: 0
2026-03-11 13:31:26,952 - __main__ - INFO - Найдено live матчей: 0
2026-03-11 13:31:26,952 - __main__ - INFO - Ожидание 30 секунд до следующего обновления...
2026-03-11 13:31:56,955 - api_client - INFO - Запрос к API: https://api.sstats.net/Games/list
2026-03-11 13:31:56,974 - api_client - INFO - Получен ответ от /Games/list, статус: OK
2026-03-11 13:31:56,974 - api_client - INFO - Получено матчей: 0
2026-03-11 13:31:56,975 - __main__ - INFO - Найдено live матчей: 0
2026-03-11 13:31:56,975 - __main__ - INFO - Ожидание 30 секунд до следующего обновления...
2026-03-11 13:32:26,976 - api_client - INFO - Запрос к API: https://api.sstats.net/Games/list
2026-03-11 13:32:26,992 - api_client - INFO - Получен ответ от /Games/list, статус: OK
2026-03-11 13:32:26,992 - api_client - INFO - Получено матчей: 0
2026-03-11 13:32:26,992 - __main__ - INFO - Найдено live матчей: 0
2026-03-11 13:32:26,992 - __main__ - INFO - Ожидание 30 секунд до следующего обновления...
2026-03-11 13:32:56,994 - api_client - INFO - Запрос к API: https://api.sstats.net/Games/list
2026-03-11 13:32:57,011 - api_client - INFO - Получен ответ от /Games/list, статус: OK
2026-03-11 13:32:57,011 - api_client - INFO - Получено матчей: 0
2026-03-11 13:32:57,011 - __main__ - INFO - Найдено live матчей: 0
2026-03-11 13:32:57,011 - __main__ - INFO - Ожидание 30 секунд до следующего обновления...
2026-03-11 13:33:27,012 - api_client - INFO - Запрос к API: https://api.sstats.net/Games/list
2026-03-11 13:33:27,032 - api_client - INFO - Получен ответ от /Games/list, статус: OK
2026-03-11 13:33:27,032 - api_client - INFO - Получено матчей: 0
2026-03-11 13:33:27,032 - __main__ - INFO - Найдено live матчей: 0
2026-03-11 13:33:27,032 - __main__ - INFO - Ожидание 30 секунд до следующего обновления...
2026-03-11 13:33:57,033 - api_client - INFO - Запрос к API: https://api.sstats.net/Games/list
2026-03-11 13:33:57,052 - api_client - INFO - Получен ответ от /Games/list, статус: OK
2026-03-11 13:33:57,052 - api_client - INFO - Получено матчей: 0
2026-03-11 13:33:57,052 - __main__ - INFO - Найдено live матчей: 0
2026-03-11 13:33:57,052 - __main__ - INFO - Ожидание 30 секунд до следующего обновления...
2026-03-11 13:34:27,053 - api_client - INFO - Запрос к API: https://api.sstats.net/Games/list
2026-03-11 13:34:27,073 - api_client - INFO - Получен ответ от /Games/list, статус: OK
2026-03-11 13:34:27,073 - api_client - INFO - Получено матчей: 0
2026-03-11 13:34:27,073 - __main__ - INFO - Найдено live матчей: 0
2026-03-11 13:34:27,073 - __main__ - INFO - Ожидание 30 секунд до следующего обновления...
2026-03-11 13:34:57,074 - api_client - INFO - Запрос к API: https://api.sstats.net/Games/list
2026-03-11 13:34:57,093 - api_client - INFO - Получен ответ от /Games/list, статус: OK
2026-03-11 13:34:57,093 - api_client - INFO - Получено матчей: 0
2026-03-11 13:34:57,093 - __main__ - INFO - Найдено live матчей: 0
2026-03-11 13:34:57,093 - __main__ - INFO - Ожидание 30 секунд до следующего обновления...
2026-03-11 13:35:27,094 - api_client - INFO - Запрос к API: https://api.sstats.net/Games/list
2026-03-11 13:35:27,113 - api_client - INFO - Получен ответ от /Games/list, статус: OK
2026-03-11 13:35:27,113 - api_client - INFO - Получено матчей: 0
2026-03-11 13:35:27,113 - __main__ - INFO - Найдено live матчей: 0
2026-03-11 13:35:27,113 - __main__ - INFO - Ожидание 30 секунд до следующего обновления...
2026-03-11 13:35:57,115 - api_client - INFO - Запрос к API: https://api.sstats.net/Games/list
2026-03-11 13:35:57,133 - api_client - INFO - Получен ответ от /Games/list, статус: OK
2026-03-11 13:35:57,133 - api_client - INFO - Получено матчей: 0
2026-03-11 13:35:57,133 - __main__ - INFO - Найдено live матчей: 0
2026-03-11 13:35:57,133 - __main__ - INFO - Ожидание 30 секунд до следующего обновления...
2026-03-11 13:36:27,135 - api_client - INFO - Запрос к API: https://api.sstats.net/Games/list
2026-03-11 13:36:27,145 - api_client - INFO - Получен ответ от /Games/list, статус: OK
2026-03-11 13:36:27,153 - api_client - INFO - Получено матчей: 0
2026-03-11 13:36:27,153 - __main__ - INFO - Найдено live матчей: 0
2026-03-11 13:36:27,153 - __main__ - INFO - Ожидание 30 секунд до следующего обновления...
2026-03-11 13:36:57,154 - api_client - INFO - Запрос к API: https://api.sstats.net/Games/list
2026-03-11 13:36:57,170 - api_client - INFO - Получен ответ от /Games/list, статус: OK
2026-03-11 13:36:57,170 - api_client - INFO - Получено матчей: 0
2026-03-11 13:36:57,170 - __main__ - INFO - Найдено live матчей: 0
2026-03-11 13:36:57,170 - __main__ - INFO - Ожидание 30 секунд до следующего обновления...
2026-03-11 13:37:27,173 - api_client - INFO - Запрос к API: https://api.sstats.net/Games/list
2026-03-11 13:37:27,189 - api_client - INFO - Получен ответ от /Games/list, статус: OK
2026-03-11 13:37:27,190 - api_client - INFO - Получено матчей: 0
2026-03-11 13:37:27,190 - __main__ - INFO - Найдено live матчей: 0
2026-03-11 13:37:27,190 - __main__ - INFO - Ожидание 30 секунд до следующего обновления...
2026-03-11 13:37:57,191 - api_client - INFO - Запрос к API: https://api.sstats.net/Games/list
2026-03-11 13:37:57,208 - api_client - INFO - Получен ответ от /Games/list, статус: OK
2026-03-11 13:37:57,211 - api_client - INFO - Получено матчей: 0
2026-03-11 13:37:57,211 - __main__ - INFO - Найдено live матчей: 0
2026-03-11 13:37:57,211 - __main__ - INFO - Ожидание 30 секунд до следующего обновления...
2026-03-11 13:38:27,212 - api_client - INFO - Запрос к API: https://api.sstats.net/Games/list
2026-03-11 13:38:27,230 - api_client - INFO - Получен ответ от /Games/list, статус: OK
2026-03-11 13:38:27,230 - api_client - INFO - Получено матчей: 0
2026-03-11 13:38:27,230 - __main__ - INFO - Найдено live матчей: 0
2026-03-11 13:38:27,230 - __main__ - INFO - Ожидание 30 секунд до следующего обновления...
2026-03-11 13:38:57,231 - api_client - INFO - Запрос к API: https://api.sstats.net/Games/list
2026-03-11 13:38:57,249 - api_client - INFO - Получен ответ от /Games/list, статус: OK
2026-03-11 13:38:57,249 - api_client - INFO - Получено матчей: 0
2026-03-11 13:38:57,249 - __main__ - INFO - Найдено live матчей: 0
2026-03-11 13:38:57,250 - __main__ - INFO - Ожидание 30 секунд до следующего обновления...
2026-03-11 13:39:27,251 - api_client - INFO - Запрос к API: https://api.sstats.net/Games/list
2026-03-11 13:39:27,263 - api_client - INFO - Получен ответ от /Games/list, статус: OK
2026-03-11 13:39:27,263 - api_client - INFO - Получено матчей: 0
2026-03-11 13:39:27,263 - __main__ - INFO - Найдено live матчей: 0
2026-03-11 13:39:27,263 - __main__ - INFO - Ожидание 30 секунд до следующего обновления...
2026-03-11 13:39:57,271 - api_client - INFO - Запрос к API: https://api.sstats.net/Games/list
2026-03-11 13:39:57,288 - api_client - INFO - Получен ответ от /Games/list, статус: OK
2026-03-11 13:39:57,288 - api_client - INFO - Получено матчей: 0
2026-03-11 13:39:57,288 - __main__ - INFO - Найдено live матчей: 0
2026-03-11 13:39:57,288 - __main__ - INFO - Ожидание 30 секунд до следующего обновления...
